[
  {
    "line": 2,
    "elements": [
      {
        "start_timestamp": "2021-09-26T23:40:02.147Z",
        "before": [
          {
            "result": {
              "duration": 3779000000,
              "status": "passed"
            },
            "match": {
              "location": "generic.StarterClass.setUp_Init()"
            }
          }
        ],
        "line": 10,
        "name": ": testing search box in amazon home page",
        "description": "",
        "id": "amazon-search-box;:-testing-search-box-in-amazon-home-page;;2",
        "after": [
          {
            "result": {
              "duration": 1086000000,
              "status": "passed"
            },
            "match": {
              "location": "generic.StarterClass.tearDown(io.cucumber.java.Scenario)"
            }
          }
        ],
        "type": "scenario",
        "keyword": "Scenario Outline",
        "steps": [
          {
            "result": {
              "duration": 57000000,
              "status": "passed"
            },
            "line": 5,
            "name": "the user lands to the Amazon home page",
            "match": {
              "location": "stepDefinations.StepDf.the_user_lands_to_the_amazon_home_page()"
            },
            "keyword": "Given "
          },
          {
            "result": {
              "error_message": "org.openqa.selenium.NoSuchElementException: no such element: Unable to locate element: {\"method\":\"css selector\",\"selector\":\"#twotabsearchtextbox1\"}\n  (Session info: chrome\u003d94.0.4606.61)\nFor documentation on this error, please visit: https://www.seleniumhq.org/exceptions/no_such_element.html\nBuild info: version: \u00273.141.59\u0027, revision: \u0027e82be7d358\u0027, time: \u00272018-11-14T08:17:03\u0027\nSystem info: host: \u0027Karims-MBP.fios-router.home\u0027, ip: \u0027fe80:0:0:0:1401:f89c:dedd:64a6%en0\u0027, os.name: \u0027Mac OS X\u0027, os.arch: \u0027x86_64\u0027, os.version: \u002710.16\u0027, java.version: \u00271.8.0_251\u0027\nDriver info: org.openqa.selenium.chrome.ChromeDriver\nCapabilities {acceptInsecureCerts: false, browserName: chrome, browserVersion: 94.0.4606.61, chrome: {chromedriverVersion: 94.0.4606.41 (333e85df3c9b6..., userDataDir: /var/folders/jk/jdwgknx526g...}, goog:chromeOptions: {debuggerAddress: localhost:49809}, javascriptEnabled: true, networkConnectionEnabled: false, pageLoadStrategy: normal, platform: MAC, platformName: MAC, proxy: Proxy(), setWindowRect: true, strictFileInteractability: false, timeouts: {implicit: 0, pageLoad: 300000, script: 30000}, unhandledPromptBehavior: dismiss and notify, webauthn:extension:credBlob: true, webauthn:extension:largeBlob: true, webauthn:virtualAuthenticators: true}\nSession ID: bc0e54987313c7e6c849d6dc0ee816c4\n*** Element info: {Using\u003did, value\u003dtwotabsearchtextbox1}\n\tat sun.reflect.NativeConstructorAccessorImpl.newInstance0(Native Method)\n\tat sun.reflect.NativeConstructorAccessorImpl.newInstance(NativeConstructorAccessorImpl.java:62)\n\tat sun.reflect.DelegatingConstructorAccessorImpl.newInstance(DelegatingConstructorAccessorImpl.java:45)\n\tat java.lang.reflect.Constructor.newInstance(Constructor.java:423)\n\tat org.openqa.selenium.remote.http.W3CHttpResponseCodec.createException(W3CHttpResponseCodec.java:187)\n\tat org.openqa.selenium.remote.http.W3CHttpResponseCodec.decode(W3CHttpResponseCodec.java:122)\n\tat org.openqa.selenium.remote.http.W3CHttpResponseCodec.decode(W3CHttpResponseCodec.java:49)\n\tat org.openqa.selenium.remote.HttpCommandExecutor.execute(HttpCommandExecutor.java:158)\n\tat org.openqa.selenium.remote.service.DriverCommandExecutor.execute(DriverCommandExecutor.java:83)\n\tat org.openqa.selenium.remote.RemoteWebDriver.execute(RemoteWebDriver.java:552)\n\tat org.openqa.selenium.remote.RemoteWebDriver.findElement(RemoteWebDriver.java:323)\n\tat org.openqa.selenium.remote.RemoteWebDriver.findElementById(RemoteWebDriver.java:372)\n\tat org.openqa.selenium.By$ById.findElement(By.java:188)\n\tat org.openqa.selenium.remote.RemoteWebDriver.findElement(RemoteWebDriver.java:315)\n\tat org.openqa.selenium.support.pagefactory.DefaultElementLocator.findElement(DefaultElementLocator.java:69)\n\tat org.openqa.selenium.support.pagefactory.internal.LocatingElementHandler.invoke(LocatingElementHandler.java:38)\n\tat com.sun.proxy.$Proxy20.sendKeys(Unknown Source)\n\tat stepDefinations.StepDf.user_enter(StepDf.java:41)\n\tat ✽.user enter \"galaxy7\"(file:///Users/karimmekdoud/Desktop/CucumberJenkinsIntegration/src/test/resources/featureFiles/Amazon.feature:6)\n",
              "duration": 2074000000,
              "status": "failed"
            },
            "line": 6,
            "name": "user enter \"galaxy7\"",
            "match": {
              "arguments": [
                {
                  "val": "\"galaxy7\"",
                  "offset": 11
                }
              ],
              "location": "stepDefinations.StepDf.user_enter(java.lang.String)"
            },
            "keyword": "When "
          },
          {
            "result": {
              "status": "skipped"
            },
            "line": 7,
            "name": "user should see a corespending \"galaxy7\"",
            "match": {
              "arguments": [
                {
                  "val": "\"galaxy7\"",
                  "offset": 31
                }
              ],
              "location": "stepDefinations.StepDf.user_should_see_a_corespending(java.lang.String)"
            },
            "keyword": "Then "
          }
        ],
        "tags": [
          {
            "name": "@regression"
          },
          {
            "name": "@smoke"
          },
          {
            "name": "@sanity"
          }
        ]
      },
      {
        "start_timestamp": "2021-09-26T23:40:09.240Z",
        "before": [
          {
            "result": {
              "duration": 2771000000,
              "status": "passed"
            },
            "match": {
              "location": "generic.StarterClass.setUp_Init()"
            }
          }
        ],
        "line": 11,
        "name": ": testing search box in amazon home page",
        "description": "",
        "id": "amazon-search-box;:-testing-search-box-in-amazon-home-page;;3",
        "after": [
          {
            "result": {
              "duration": 659000000,
              "status": "passed"
            },
            "match": {
              "location": "generic.StarterClass.tearDown(io.cucumber.java.Scenario)"
            }
          }
        ],
        "type": "scenario",
        "keyword": "Scenario Outline",
        "steps": [
          {
            "result": {
              "duration": 6000000,
              "status": "passed"
            },
            "line": 5,
            "name": "the user lands to the Amazon home page",
            "match": {
              "location": "stepDefinations.StepDf.the_user_lands_to_the_amazon_home_page()"
            },
            "keyword": "Given "
          },
          {
            "result": {
              "error_message": "org.openqa.selenium.NoSuchElementException: no such element: Unable to locate element: {\"method\":\"css selector\",\"selector\":\"#twotabsearchtextbox1\"}\n  (Session info: chrome\u003d94.0.4606.61)\nFor documentation on this error, please visit: https://www.seleniumhq.org/exceptions/no_such_element.html\nBuild info: version: \u00273.141.59\u0027, revision: \u0027e82be7d358\u0027, time: \u00272018-11-14T08:17:03\u0027\nSystem info: host: \u0027Karims-MBP.fios-router.home\u0027, ip: \u0027fe80:0:0:0:1401:f89c:dedd:64a6%en0\u0027, os.name: \u0027Mac OS X\u0027, os.arch: \u0027x86_64\u0027, os.version: \u002710.16\u0027, java.version: \u00271.8.0_251\u0027\nDriver info: org.openqa.selenium.chrome.ChromeDriver\nCapabilities {acceptInsecureCerts: false, browserName: chrome, browserVersion: 94.0.4606.61, chrome: {chromedriverVersion: 94.0.4606.41 (333e85df3c9b6..., userDataDir: /var/folders/jk/jdwgknx526g...}, goog:chromeOptions: {debuggerAddress: localhost:49894}, javascriptEnabled: true, networkConnectionEnabled: false, pageLoadStrategy: normal, platform: MAC, platformName: MAC, proxy: Proxy(), setWindowRect: true, strictFileInteractability: false, timeouts: {implicit: 0, pageLoad: 300000, script: 30000}, unhandledPromptBehavior: dismiss and notify, webauthn:extension:credBlob: true, webauthn:extension:largeBlob: true, webauthn:virtualAuthenticators: true}\nSession ID: d85cfbe2fa6c0d778c689d782ff0b68f\n*** Element info: {Using\u003did, value\u003dtwotabsearchtextbox1}\n\tat sun.reflect.NativeConstructorAccessorImpl.newInstance0(Native Method)\n\tat sun.reflect.NativeConstructorAccessorImpl.newInstance(NativeConstructorAccessorImpl.java:62)\n\tat sun.reflect.DelegatingConstructorAccessorImpl.newInstance(DelegatingConstructorAccessorImpl.java:45)\n\tat java.lang.reflect.Constructor.newInstance(Constructor.java:423)\n\tat org.openqa.selenium.remote.http.W3CHttpResponseCodec.createException(W3CHttpResponseCodec.java:187)\n\tat org.openqa.selenium.remote.http.W3CHttpResponseCodec.decode(W3CHttpResponseCodec.java:122)\n\tat org.openqa.selenium.remote.http.W3CHttpResponseCodec.decode(W3CHttpResponseCodec.java:49)\n\tat org.openqa.selenium.remote.HttpCommandExecutor.execute(HttpCommandExecutor.java:158)\n\tat org.openqa.selenium.remote.service.DriverCommandExecutor.execute(DriverCommandExecutor.java:83)\n\tat org.openqa.selenium.remote.RemoteWebDriver.execute(RemoteWebDriver.java:552)\n\tat org.openqa.selenium.remote.RemoteWebDriver.findElement(RemoteWebDriver.java:323)\n\tat org.openqa.selenium.remote.RemoteWebDriver.findElementById(RemoteWebDriver.java:372)\n\tat org.openqa.selenium.By$ById.findElement(By.java:188)\n\tat org.openqa.selenium.remote.RemoteWebDriver.findElement(RemoteWebDriver.java:315)\n\tat org.openqa.selenium.support.pagefactory.DefaultElementLocator.findElement(DefaultElementLocator.java:69)\n\tat org.openqa.selenium.support.pagefactory.internal.LocatingElementHandler.invoke(LocatingElementHandler.java:38)\n\tat com.sun.proxy.$Proxy20.sendKeys(Unknown Source)\n\tat stepDefinations.StepDf.user_enter(StepDf.java:41)\n\tat ✽.user enter \"iphone 11\"(file:///Users/karimmekdoud/Desktop/CucumberJenkinsIntegration/src/test/resources/featureFiles/Amazon.feature:6)\n",
              "duration": 2010000000,
              "status": "failed"
            },
            "line": 6,
            "name": "user enter \"iphone 11\"",
            "match": {
              "arguments": [
                {
                  "val": "\"iphone 11\"",
                  "offset": 11
                }
              ],
              "location": "stepDefinations.StepDf.user_enter(java.lang.String)"
            },
            "keyword": "When "
          },
          {
            "result": {
              "duration": 1000000,
              "status": "skipped"
            },
            "line": 7,
            "name": "user should see a corespending \"galaxy7\"",
            "match": {
              "arguments": [
                {
                  "val": "\"galaxy7\"",
                  "offset": 31
                }
              ],
              "location": "stepDefinations.StepDf.user_should_see_a_corespending(java.lang.String)"
            },
            "keyword": "Then "
          }
        ],
        "tags": [
          {
            "name": "@regression"
          },
          {
            "name": "@smoke"
          },
          {
            "name": "@sanity"
          }
        ]
      },
      {
        "start_timestamp": "2021-09-26T23:40:14.699Z",
        "before": [
          {
            "result": {
              "duration": 2634000000,
              "status": "passed"
            },
            "match": {
              "location": "generic.StarterClass.setUp_Init()"
            }
          }
        ],
        "line": 12,
        "name": ": testing search box in amazon home page",
        "description": "",
        "id": "amazon-search-box;:-testing-search-box-in-amazon-home-page;;4",
        "after": [
          {
            "result": {
              "duration": 478000000,
              "status": "passed"
            },
            "match": {
              "location": "generic.StarterClass.tearDown(io.cucumber.java.Scenario)"
            }
          }
        ],
        "type": "scenario",
        "keyword": "Scenario Outline",
        "steps": [
          {
            "result": {
              "duration": 116000000,
              "status": "passed"
            },
            "line": 5,
            "name": "the user lands to the Amazon home page",
            "match": {
              "location": "stepDefinations.StepDf.the_user_lands_to_the_amazon_home_page()"
            },
            "keyword": "Given "
          },
          {
            "result": {
              "error_message": "org.openqa.selenium.NoSuchElementException: no such element: Unable to locate element: {\"method\":\"css selector\",\"selector\":\"#twotabsearchtextbox1\"}\n  (Session info: chrome\u003d94.0.4606.61)\nFor documentation on this error, please visit: https://www.seleniumhq.org/exceptions/no_such_element.html\nBuild info: version: \u00273.141.59\u0027, revision: \u0027e82be7d358\u0027, time: \u00272018-11-14T08:17:03\u0027\nSystem info: host: \u0027Karims-MBP.fios-router.home\u0027, ip: \u0027fe80:0:0:0:1401:f89c:dedd:64a6%en0\u0027, os.name: \u0027Mac OS X\u0027, os.arch: \u0027x86_64\u0027, os.version: \u002710.16\u0027, java.version: \u00271.8.0_251\u0027\nDriver info: org.openqa.selenium.chrome.ChromeDriver\nCapabilities {acceptInsecureCerts: false, browserName: chrome, browserVersion: 94.0.4606.61, chrome: {chromedriverVersion: 94.0.4606.41 (333e85df3c9b6..., userDataDir: /var/folders/jk/jdwgknx526g...}, goog:chromeOptions: {debuggerAddress: localhost:49977}, javascriptEnabled: true, networkConnectionEnabled: false, pageLoadStrategy: normal, platform: MAC, platformName: MAC, proxy: Proxy(), setWindowRect: true, strictFileInteractability: false, timeouts: {implicit: 0, pageLoad: 300000, script: 30000}, unhandledPromptBehavior: dismiss and notify, webauthn:extension:credBlob: true, webauthn:extension:largeBlob: true, webauthn:virtualAuthenticators: true}\nSession ID: a13291124ada5201747e43f7371714a1\n*** Element info: {Using\u003did, value\u003dtwotabsearchtextbox1}\n\tat sun.reflect.NativeConstructorAccessorImpl.newInstance0(Native Method)\n\tat sun.reflect.NativeConstructorAccessorImpl.newInstance(NativeConstructorAccessorImpl.java:62)\n\tat sun.reflect.DelegatingConstructorAccessorImpl.newInstance(DelegatingConstructorAccessorImpl.java:45)\n\tat java.lang.reflect.Constructor.newInstance(Constructor.java:423)\n\tat org.openqa.selenium.remote.http.W3CHttpResponseCodec.createException(W3CHttpResponseCodec.java:187)\n\tat org.openqa.selenium.remote.http.W3CHttpResponseCodec.decode(W3CHttpResponseCodec.java:122)\n\tat org.openqa.selenium.remote.http.W3CHttpResponseCodec.decode(W3CHttpResponseCodec.java:49)\n\tat org.openqa.selenium.remote.HttpCommandExecutor.execute(HttpCommandExecutor.java:158)\n\tat org.openqa.selenium.remote.service.DriverCommandExecutor.execute(DriverCommandExecutor.java:83)\n\tat org.openqa.selenium.remote.RemoteWebDriver.execute(RemoteWebDriver.java:552)\n\tat org.openqa.selenium.remote.RemoteWebDriver.findElement(RemoteWebDriver.java:323)\n\tat org.openqa.selenium.remote.RemoteWebDriver.findElementById(RemoteWebDriver.java:372)\n\tat org.openqa.selenium.By$ById.findElement(By.java:188)\n\tat org.openqa.selenium.remote.RemoteWebDriver.findElement(RemoteWebDriver.java:315)\n\tat org.openqa.selenium.support.pagefactory.DefaultElementLocator.findElement(DefaultElementLocator.java:69)\n\tat org.openqa.selenium.support.pagefactory.internal.LocatingElementHandler.invoke(LocatingElementHandler.java:38)\n\tat com.sun.proxy.$Proxy20.sendKeys(Unknown Source)\n\tat stepDefinations.StepDf.user_enter(StepDf.java:41)\n\tat ✽.user enter \"battery\"(file:///Users/karimmekdoud/Desktop/CucumberJenkinsIntegration/src/test/resources/featureFiles/Amazon.feature:6)\n",
              "duration": 2059000000,
              "status": "failed"
            },
            "line": 6,
            "name": "user enter \"battery\"",
            "match": {
              "arguments": [
                {
                  "val": "\"battery\"",
                  "offset": 11
                }
              ],
              "location": "stepDefinations.StepDf.user_enter(java.lang.String)"
            },
            "keyword": "When "
          },
          {
            "result": {
              "duration": 1000000,
              "status": "skipped"
            },
            "line": 7,
            "name": "user should see a corespending \"galaxy7\"",
            "match": {
              "arguments": [
                {
                  "val": "\"galaxy7\"",
                  "offset": 31
                }
              ],
              "location": "stepDefinations.StepDf.user_should_see_a_corespending(java.lang.String)"
            },
            "keyword": "Then "
          }
        ],
        "tags": [
          {
            "name": "@regression"
          },
          {
            "name": "@smoke"
          },
          {
            "name": "@sanity"
          }
        ]
      }
    ],
    "name": "Amazon search box",
    "description": "",
    "id": "amazon-search-box",
    "keyword": "Feature",
    "uri": "file:src/test/resources/featureFiles/Amazon.feature",
    "tags": [
      {
        "name": "@regression",
        "type": "Tag",
        "location": {
          "line": 1,
          "column": 1
        }
      },
      {
        "name": "@smoke",
        "type": "Tag",
        "location": {
          "line": 1,
          "column": 13
        }
      }
    ]
  },
  {
    "line": 3,
    "elements": [
      {
        "start_timestamp": "2021-09-26T23:40:19.998Z",
        "before": [
          {
            "result": {
              "duration": 2670000000,
              "status": "passed"
            },
            "match": {
              "location": "generic.StarterClass.setUp_Init()"
            }
          }
        ],
        "line": 11,
        "name": "Create Order Event Transformer",
        "description": "",
        "id": "ffm-ocmf-createordereventtransformercomparator;create-order-event-transformer;;2",
        "after": [
          {
            "result": {
              "duration": 160000000,
              "status": "passed"
            },
            "match": {
              "location": "generic.StarterClass.tearDown(io.cucumber.java.Scenario)"
            }
          }
        ],
        "type": "scenario",
        "keyword": "Scenario Outline",
        "steps": [
          {
            "result": {
              "status": "passed"
            },
            "line": 6,
            "name": "load the data with the data with \"testdata\"",
            "match": {
              "arguments": [
                {
                  "val": "\"testdata\"",
                  "offset": 33
                }
              ],
              "location": "stepDefinations.StepDf.load_the_data_with_the_data_with(java.lang.String)"
            },
            "keyword": "Given "
          },
          {
            "result": {
              "duration": 1000000,
              "status": "passed"
            },
            "line": 7,
            "name": "with data file prefixed with \"testdata\" and json file is \"testdata\"",
            "match": {
              "arguments": [
                {
                  "val": "\"testdata\"",
                  "offset": 29
                },
                {
                  "val": "\"testdata\"",
                  "offset": 57
                }
              ],
              "location": "stepDefinations.StepDf.with_data_file_prefixed_with_and_json_file_is(java.lang.String,java.lang.String)"
            },
            "keyword": "Given "
          },
          {
            "result": {
              "duration": 1000000,
              "status": "passed"
            },
            "line": 8,
            "name": "call apis and validate with all the data provided",
            "match": {
              "location": "stepDefinations.StepDf.call_apis_and_validate_with_all_the_data_provided()"
            },
            "keyword": "Then "
          }
        ],
        "tags": [
          {
            "name": "@regression"
          },
          {
            "name": "@smoke"
          },
          {
            "name": "@loadTesting"
          }
        ]
      }
    ],
    "name": "FFM-OCMF-CreateOrderEventTransformerComparator",
    "description": "",
    "id": "ffm-ocmf-createordereventtransformercomparator",
    "keyword": "Feature",
    "uri": "file:src/test/resources/featureFiles/FFM-OCMF-CreateOrderEventComparator.feature",
    "tags": [
      {
        "name": "@regression",
        "type": "Tag",
        "location": {
          "line": 2,
          "column": 1
        }
      },
      {
        "name": "@smoke",
        "type": "Tag",
        "location": {
          "line": 2,
          "column": 13
        }
      },
      {
        "name": "@loadTesting",
        "type": "Tag",
        "location": {
          "line": 2,
          "column": 20
        }
      }
    ]
  },
  {
    "line": 3,
    "elements": [
      {
        "start_timestamp": "2021-09-26T23:40:22.843Z",
        "before": [
          {
            "result": {
              "duration": 2623000000,
              "status": "passed"
            },
            "match": {
              "location": "generic.StarterClass.setUp_Init()"
            }
          }
        ],
        "line": 11,
        "name": "Create Order Event Transformer",
        "description": "",
        "id": "ffm-ocmf-createordereventtransformer;create-order-event-transformer;;2",
        "after": [
          {
            "result": {
              "duration": 114000000,
              "status": "passed"
            },
            "match": {
              "location": "generic.StarterClass.tearDown(io.cucumber.java.Scenario)"
            }
          }
        ],
        "type": "scenario",
        "keyword": "Scenario Outline",
        "steps": [
          {
            "result": {
              "duration": 1000000,
              "status": "passed"
            },
            "line": 6,
            "name": "load the data with the data with \"testdata\"",
            "match": {
              "arguments": [
                {
                  "val": "\"testdata\"",
                  "offset": 33
                }
              ],
              "location": "stepDefinations.StepDf.load_the_data_with_the_data_with(java.lang.String)"
            },
            "keyword": "Given "
          },
          {
            "result": {
              "status": "passed"
            },
            "line": 7,
            "name": "with data file prefixed with \"testdata\" and json file is \"testdata\"",
            "match": {
              "arguments": [
                {
                  "val": "\"testdata\"",
                  "offset": 29
                },
                {
                  "val": "\"testdata\"",
                  "offset": 57
                }
              ],
              "location": "stepDefinations.StepDf.with_data_file_prefixed_with_and_json_file_is(java.lang.String,java.lang.String)"
            },
            "keyword": "Given "
          },
          {
            "result": {
              "status": "passed"
            },
            "line": 8,
            "name": "call apis and validate with all the data provided",
            "match": {
              "location": "stepDefinations.StepDf.call_apis_and_validate_with_all_the_data_provided()"
            },
            "keyword": "Then "
          }
        ],
        "tags": [
          {
            "name": "@regression"
          },
          {
            "name": "@smoke"
          }
        ]
      }
    ],
    "name": "FFM-OCMF-CreateOrderEventTransformer",
    "description": "",
    "id": "ffm-ocmf-createordereventtransformer",
    "keyword": "Feature",
    "uri": "file:src/test/resources/featureFiles/FFM-OCMF-CreateOrderEventTransformer.feature",
    "tags": [
      {
        "name": "@regression",
        "type": "Tag",
        "location": {
          "line": 2,
          "column": 1
        }
      }
    ]
  },
  {
    "line": 3,
    "elements": [
      {
        "start_timestamp": "2021-09-26T23:40:25.588Z",
        "before": [
          {
            "result": {
              "duration": 2503000000,
              "status": "passed"
            },
            "match": {
              "location": "generic.StarterClass.setUp_Init()"
            }
          }
        ],
        "line": 11,
        "name": "Create Order Event Validation",
        "description": "",
        "id": "ffm-ocmf-createordereventvalidation;create-order-event-validation;;2",
        "after": [
          {
            "result": {
              "duration": 162000000,
              "status": "passed"
            },
            "match": {
              "location": "generic.StarterClass.tearDown(io.cucumber.java.Scenario)"
            }
          }
        ],
        "type": "scenario",
        "keyword": "Scenario Outline",
        "steps": [
          {
            "result": {
              "duration": 1000000,
              "status": "passed"
            },
            "line": 6,
            "name": "load the data with the data with \"testdata\"",
            "match": {
              "arguments": [
                {
                  "val": "\"testdata\"",
                  "offset": 33
                }
              ],
              "location": "stepDefinations.StepDf.load_the_data_with_the_data_with(java.lang.String)"
            },
            "keyword": "Given "
          },
          {
            "result": {
              "duration": 1000000,
              "status": "passed"
            },
            "line": 7,
            "name": "with data file prefixed with \"testdata\" and json file is \"testdata\"",
            "match": {
              "arguments": [
                {
                  "val": "\"testdata\"",
                  "offset": 29
                },
                {
                  "val": "\"testdata\"",
                  "offset": 57
                }
              ],
              "location": "stepDefinations.StepDf.with_data_file_prefixed_with_and_json_file_is(java.lang.String,java.lang.String)"
            },
            "keyword": "Given "
          },
          {
            "result": {
              "duration": 1000000,
              "status": "passed"
            },
            "line": 8,
            "name": "call apis and validate with all the data provided",
            "match": {
              "location": "stepDefinations.StepDf.call_apis_and_validate_with_all_the_data_provided()"
            },
            "keyword": "Then "
          }
        ],
        "tags": [
          {
            "name": "@regression"
          },
          {
            "name": "@orderEvent"
          },
          {
            "name": "@amar"
          },
          {
            "name": "@sanity"
          },
          {
            "name": "@smoke"
          }
        ]
      }
    ],
    "name": "FFM-OCMF-CreateOrderEventValidation",
    "description": "",
    "id": "ffm-ocmf-createordereventvalidation",
    "keyword": "Feature",
    "uri": "file:src/test/resources/featureFiles/FFM-OCMF-CreateOrderEventValidation.feature",
    "tags": [
      {
        "name": "@regression",
        "type": "Tag",
        "location": {
          "line": 2,
          "column": 1
        }
      },
      {
        "name": "@orderEvent",
        "type": "Tag",
        "location": {
          "line": 2,
          "column": 13
        }
      },
      {
        "name": "@amar",
        "type": "Tag",
        "location": {
          "line": 2,
          "column": 25
        }
      }
    ]
  }
]