<?xml version="1.0" encoding="UTF-8"?>
<testsuite xmlns:xsi="http://www.w3.org/2001/XMLSchema-instance" xsi:noNamespaceSchemaLocation="https://maven.apache.org/surefire/maven-surefire-plugin/xsd/surefire-test-report-3.0.xsd" version="3.0" name="cucumberOptions.TestRunner" time="32.053" tests="5" errors="0" skipped="0" failures="0">
  <properties>
[...]
</properties>
  <testcase name=": testing search box in amazon home page #1" classname="Amazon search box" time="7.024"/>
  <testcase name=": testing search box in amazon home page #2" classname="Amazon search box" time="5.973"/>
  <testcase name=": testing search box in amazon home page #3" classname="Amazon search box" time="6.284"/>
  <testcase name="Create Order Event Transformer" classname="FFM-OCMF-CreateOrderEventTransformerComparator" time="3.591"/>
  <testcase name="Create Order Event Validation" classname="FFM-OCMF-CreateOrderEventValidation" time="3.251"/>
</testsuite>